<?xml version="1.0" encoding="UTF-8"?>
<!-- Generated by org.testng.reporters.JUnitReportReporter -->
<testsuite skipped="0" hostname="Ajays-Air.unifi.bynaric.net" name="Suite.properties_SearchFunctionality" tests="1" failures="0" timestamp="2022-04-11T16:28:22 IST" time="98.702" errors="0">
  <testcase name="testeasy_blockSearch_tab" time="98.702" classname="Suite.properties_SearchFunctionality"/>
  <system-out/>
</testsuite> <!-- Suite.properties_SearchFunctionality -->
