<?xml version="1.0" encoding="UTF-8"?>
<!-- Generated by org.testng.reporters.JUnitReportReporter -->
<testsuite skipped="0" hostname="Ajays-Air.unifi.bynaric.net" name="Suite.BoilerServiceProgramme_Overview" tests="1" failures="0" timestamp="2022-04-11T16:39:49 IST" time="55.976" errors="0">
  <testcase name="BoilerService_Overview" time="55.976" classname="Suite.BoilerServiceProgramme_Overview"/>
  <system-out/>
</testsuite> <!-- Suite.BoilerServiceProgramme_Overview -->
