<?xml version="1.0" encoding="UTF-8"?>
<!-- Generated by org.testng.reporters.JUnitReportReporter -->
<testsuite skipped="0" hostname="Ajays-Air.unifi.bynaric.net" name="Suite.block_Overview" tests="1" failures="0" timestamp="2022-04-11T17:06:55 IST" time="15.461" errors="0">
  <testcase name="testeasy_block_overview" time="15.461" classname="Suite.block_Overview"/>
  <system-out/>
</testsuite> <!-- Suite.block_Overview -->
