<?xml version="1.0" encoding="UTF-8"?>
<!-- Generated by org.testng.reporters.JUnitReportReporter -->
<testsuite skipped="0" hostname="Ajays-Air.unifi.bynaric.net" name="allTest.ElectricalTestingReportTest" tests="1" failures="0" timestamp="2022-04-11T16:28:22 IST" time="18.864" errors="0">
  <testcase name="setUp" time="18.864" classname="allTest.ElectricalTestingReportTest"/>
  <system-out/>
</testsuite> <!-- allTest.ElectricalTestingReportTest -->
