<?xml version="1.0" encoding="UTF-8"?>
<!-- Generated by org.testng.reporters.JUnitReportReporter -->
<testsuite skipped="0" hostname="Ajays-Air.unifi.bynaric.net" name="Suite.Surveys_Overview" tests="1" failures="0" timestamp="2022-04-11T16:28:22 IST" time="39.397" errors="0">
  <testcase name="Survey_Overview" time="39.397" classname="Suite.Surveys_Overview"/>
  <system-out/>
</testsuite> <!-- Suite.Surveys_Overview -->
