<?xml version="1.0" encoding="UTF-8"?>
<!-- Generated by org.testng.reporters.JUnitReportReporter -->
<testsuite skipped="0" hostname="Ajays-Air.unifi.bynaric.net" name="user_management.Admins_Test" tests="1" failures="0" timestamp="2022-04-11T16:28:22 IST" time="28.331" errors="0">
  <testcase name="Admins_overview_page" time="28.331" classname="user_management.Admins_Test"/>
  <system-out/>
</testsuite> <!-- user_management.Admins_Test -->
