<?xml version="1.0" encoding="UTF-8"?>
<!-- Generated by org.testng.reporters.JUnitReportReporter -->
<testsuite skipped="0" hostname="Ajays-Air.unifi.bynaric.net" name="configuration.Component_HeadersTest" tests="1" failures="0" timestamp="2022-04-08T11:08:12 IST" time="15.244" errors="0">
  <testcase name="UserManagement" time="15.244" classname="configuration.Component_HeadersTest"/>
  <system-out/>
</testsuite> <!-- configuration.Component_HeadersTest -->
