<?xml version="1.0" encoding="UTF-8"?>
<!-- Generated by org.testng.reporters.JUnitReportReporter -->
<testsuite skipped="0" hostname="Ajays-Air.unifi.bynaric.net" name="configuration.Repair_category" tests="1" failures="0" timestamp="2022-04-08T11:08:12 IST" time="12.410" errors="0">
  <testcase name="Category" time="12.410" classname="configuration.Repair_category"/>
  <system-out/>
</testsuite> <!-- configuration.Repair_category -->
