<?xml version="1.0" encoding="UTF-8"?>
<!-- Generated by org.testng.reporters.JUnitReportReporter -->
<testsuite skipped="0" hostname="Ajays-MacBook-Air.local" name="configuration.Component_HeadersTest" tests="1" failures="0" timestamp="2022-04-09T01:02:16 IST" time="13.283" errors="0">
  <testcase name="UserManagement" time="13.283" classname="configuration.Component_HeadersTest"/>
  <system-out/>
</testsuite> <!-- configuration.Component_HeadersTest -->
