<?xml version="1.0" encoding="UTF-8"?>
<!-- Generated by org.testng.reporters.JUnitReportReporter -->
<testsuite skipped="0" hostname="Ajays-Air.unifi.bynaric.net" name="allTest.Boiler_service_program_filterTest" tests="1" failures="0" timestamp="2022-04-11T16:28:22 IST" time="16.458" errors="0">
  <testcase name="search" time="16.458" classname="allTest.Boiler_service_program_filterTest"/>
  <system-out/>
</testsuite> <!-- allTest.Boiler_service_program_filterTest -->
