<?xml version="1.0" encoding="UTF-8"?>
<!-- Generated by org.testng.reporters.JUnitReportReporter -->
<testsuite skipped="0" hostname="Ajays-Air.unifi.bynaric.net" name="Suite.schemes_SearchFunctionality" tests="1" failures="0" timestamp="2022-04-11T16:28:22 IST" time="49.479" errors="0">
  <testcase name="testeasy_schemeSearch_tab" time="49.479" classname="Suite.schemes_SearchFunctionality"/>
  <system-out/>
</testsuite> <!-- Suite.schemes_SearchFunctionality -->
