<?xml version="1.0" encoding="UTF-8"?>
<!-- Generated by org.testng.reporters.JUnitReportReporter -->
<testsuite skipped="0" hostname="Ajays-MacBook-Air.local" name="allTest.searchFunctionTest" tests="1" failures="0" timestamp="2022-04-09T00:53:50 IST" time="12.646" errors="0">
  <testcase name="search" time="12.646" classname="allTest.searchFunctionTest"/>
  <system-out/>
</testsuite> <!-- allTest.searchFunctionTest -->
