<?xml version="1.0" encoding="UTF-8"?>
<!-- Generated by org.testng.reporters.JUnitReportReporter -->
<testsuite skipped="0" hostname="Ajays-Air.unifi.bynaric.net" name="Suite.tenant_Overview" tests="1" failures="0" timestamp="2022-04-11T16:28:22 IST" time="28.224" errors="0">
  <testcase name="Tenants_Overview" time="28.224" classname="Suite.tenant_Overview"/>
  <system-out/>
</testsuite> <!-- Suite.tenant_Overview -->
