<?xml version="1.0" encoding="UTF-8"?>
<!-- Generated by org.testng.reporters.JUnitReportReporter -->
<testsuite skipped="0" hostname="Ajays-Air.unifi.bynaric.net" name="allTest.exportCsvTest" tests="1" failures="0" timestamp="2022-04-11T16:28:22 IST" time="14.625" errors="0">
  <testcase name="search" time="14.625" classname="allTest.exportCsvTest"/>
  <system-out/>
</testsuite> <!-- allTest.exportCsvTest -->
