<?xml version="1.0" encoding="UTF-8"?>
<!-- Generated by org.testng.reporters.JUnitReportReporter -->
<testsuite skipped="0" hostname="Ajays-MacBook-Air.local" name="allTest.Boiler_service_program_filterTest" tests="1" failures="0" timestamp="2022-04-09T01:09:36 IST" time="6.544" errors="0">
  <testcase name="search" time="6.544" classname="allTest.Boiler_service_program_filterTest"/>
  <system-out/>
</testsuite> <!-- allTest.Boiler_service_program_filterTest -->
