<?xml version="1.0" encoding="UTF-8"?>
<!-- Generated by org.testng.reporters.JUnitReportReporter -->
<testsuite skipped="0" hostname="Ajays-Air.unifi.bynaric.net" name="configuration.Complience_Item" tests="1" failures="0" timestamp="2022-04-08T11:08:12 IST" time="14.552" errors="0">
  <testcase name="ComplienceItem" time="14.552" classname="configuration.Complience_Item"/>
  <system-out/>
</testsuite> <!-- configuration.Complience_Item -->
