<?xml version="1.0" encoding="UTF-8"?>
<!-- Generated by org.testng.reporters.JUnitReportReporter -->
<testsuite skipped="0" hostname="Ajays-Air.unifi.bynaric.net" name="Suite.tickets_Overview" tests="1" failures="0" timestamp="2022-04-11T16:28:22 IST" time="69.630" errors="0">
  <testcase name="Ticket_Overview" time="69.630" classname="Suite.tickets_Overview"/>
  <system-out/>
</testsuite> <!-- Suite.tickets_Overview -->
