<?xml version="1.0" encoding="UTF-8"?>
<!-- Generated by org.testng.reporters.JUnitReportReporter -->
<testsuite skipped="0" hostname="Ajays-Air.unifi.bynaric.net" name="surveys.Survey_Questions" tests="1" failures="0" timestamp="2022-04-08T11:39:51 IST" time="34.680" errors="0">
  <testcase name="Survey_questions" time="34.680" classname="surveys.Survey_Questions"/>
  <system-out/>
</testsuite> <!-- surveys.Survey_Questions -->
