<?xml version="1.0" encoding="UTF-8"?>
<!-- Generated by org.testng.reporters.JUnitReportReporter -->
<testsuite skipped="0" hostname="Ajays-Air.unifi.bynaric.net" name="Suite.vendor_FilterFunctionality" tests="1" failures="0" timestamp="2022-04-11T16:28:22 IST" time="69.059" errors="0">
  <testcase name="vendor_Filter" time="69.059" classname="Suite.vendor_FilterFunctionality"/>
  <system-out/>
</testsuite> <!-- Suite.vendor_FilterFunctionality -->
