<?xml version="1.0" encoding="UTF-8"?>
<!-- Generated by org.testng.reporters.JUnitReportReporter -->
<testsuite skipped="0" hostname="Ajays-Air.unifi.bynaric.net" name="Suite.schemes_Overview" tests="1" failures="0" timestamp="2022-04-11T16:28:22 IST" time="58.431" errors="0">
  <testcase name="Schemes_Overview" time="58.431" classname="Suite.schemes_Overview"/>
  <system-out/>
</testsuite> <!-- Suite.schemes_Overview -->
