<?xml version="1.0" encoding="UTF-8"?>
<!-- Generated by org.testng.reporters.JUnitReportReporter -->
<testsuite skipped="0" hostname="Ajays-Air.unifi.bynaric.net" name="allTest.projectTest" tests="1" failures="0" timestamp="2022-04-08T11:36:01 IST" time="7.968" errors="0">
  <testcase name="ips" time="7.968" classname="allTest.projectTest"/>
  <system-out/>
</testsuite> <!-- allTest.projectTest -->
