<?xml version="1.0" encoding="UTF-8"?>
<!-- Generated by org.testng.reporters.JUnitReportReporter -->
<testsuite skipped="0" hostname="Ajays-Air.unifi.bynaric.net" name="Suite.Vendor_Overview" tests="1" failures="0" timestamp="2022-04-11T16:28:22 IST" time="40.566" errors="0">
  <testcase name="Vendor_Overview_Validation" time="40.566" classname="Suite.Vendor_Overview"/>
  <system-out/>
</testsuite> <!-- Suite.Vendor_Overview -->
