<?xml version="1.0" encoding="UTF-8"?>
<!-- Generated by org.testng.reporters.JUnitReportReporter -->
<testsuite skipped="0" hostname="Ajays-Air.unifi.bynaric.net" name="allTest.File_Upload" tests="1" failures="0" timestamp="2022-04-08T12:16:03 IST" time="19.332" errors="0">
  <testcase name="search" time="19.332" classname="allTest.File_Upload"/>
  <system-out/>
</testsuite> <!-- allTest.File_Upload -->
