<?xml version="1.0" encoding="UTF-8"?>
<!-- Generated by org.testng.reporters.JUnitReportReporter -->
<testsuite skipped="0" hostname="Ajays-Air.unifi.bynaric.net" name="surveys.Survey_Questions" tests="1" failures="0" timestamp="2022-04-11T16:28:22 IST" time="44.040" errors="0">
  <testcase name="Survey_questions" time="44.040" classname="surveys.Survey_Questions"/>
  <system-out/>
</testsuite> <!-- surveys.Survey_Questions -->
