<?xml version="1.0" encoding="UTF-8"?>
<!-- Generated by org.testng.reporters.JUnitReportReporter -->
<testsuite skipped="0" hostname="Ajays-Air.unifi.bynaric.net" name="configuration.Sub_categoryTest" tests="1" failures="0" timestamp="2022-04-08T11:08:12 IST" time="18.651" errors="0">
  <testcase name="subCategory" time="18.651" classname="configuration.Sub_categoryTest"/>
  <system-out/>
</testsuite> <!-- configuration.Sub_categoryTest -->
