<?xml version="1.0" encoding="UTF-8"?>
<!-- Generated by org.testng.reporters.JUnitReportReporter -->
<testsuite skipped="0" hostname="Ajays-Air.unifi.bynaric.net" name="Suite.propeties_Overview" tests="1" failures="0" timestamp="2022-04-11T16:28:22 IST" time="49.864" errors="0">
  <testcase name="testeasy_Properties_Overview" time="49.864" classname="Suite.propeties_Overview"/>
  <system-out/>
</testsuite> <!-- Suite.propeties_Overview -->
