<?xml version="1.0" encoding="UTF-8"?>
<!-- Generated by org.testng.reporters.JUnitReportReporter -->
<testsuite skipped="0" hostname="Ajays-Air.unifi.bynaric.net" name="Suite.sites_Overview" tests="1" failures="0" timestamp="2022-04-11T16:28:22 IST" time="30.029" errors="0">
  <testcase name="testeasy_Sites_Overview" time="30.029" classname="Suite.sites_Overview"/>
  <system-out/>
</testsuite> <!-- Suite.sites_Overview -->
