<?xml version="1.0" encoding="UTF-8"?>
<!-- Generated by org.testng.reporters.JUnitReportReporter -->
<testsuite skipped="0" hostname="Ajays-Air.unifi.bynaric.net" name="Suite.boilerServiceProgramme_SearchFunctionality" tests="1" failures="0" timestamp="2022-04-11T16:28:22 IST" time="51.628" errors="0">
  <testcase name="testeasy_blockSearch_tab" time="51.628" classname="Suite.boilerServiceProgramme_SearchFunctionality"/>
  <system-out/>
</testsuite> <!-- Suite.boilerServiceProgramme_SearchFunctionality -->
