<?xml version="1.0" encoding="UTF-8"?>
<!-- Generated by org.testng.reporters.JUnitReportReporter -->
<testsuite skipped="0" hostname="Ajays-MacBook-Air.local" name="allTest.boilerServiceTest" tests="1" failures="0" timestamp="2022-04-09T01:08:25 IST" time="15.056" errors="0">
  <testcase name="dashboard" time="15.056" classname="allTest.boilerServiceTest"/>
  <system-out/>
</testsuite> <!-- allTest.boilerServiceTest -->
