<?xml version="1.0" encoding="UTF-8"?>
<!-- Generated by org.testng.reporters.JUnitReportReporter -->
<testsuite skipped="0" hostname="Ajays-Air.unifi.bynaric.net" name="allTest.ElectricalTestingReportTest" tests="1" failures="0" timestamp="2022-04-08T12:11:31 IST" time="7.337" errors="0">
  <testcase name="setUp" time="7.337" classname="allTest.ElectricalTestingReportTest"/>
  <system-out/>
</testsuite> <!-- allTest.ElectricalTestingReportTest -->
