<?xml version="1.0" encoding="UTF-8"?>
<!-- Generated by org.testng.reporters.JUnitReportReporter -->
<testsuite skipped="0" hostname="Ajays-Air.unifi.bynaric.net" name="Suite.payments_Overview" tests="1" failures="0" timestamp="2022-04-11T16:28:22 IST" time="21.875" errors="0">
  <testcase name="Payment_Overview" time="21.875" classname="Suite.payments_Overview"/>
  <system-out/>
</testsuite> <!-- Suite.payments_Overview -->
