<?xml version="1.0" encoding="UTF-8"?>
<!-- Generated by org.testng.reporters.JUnitReportReporter -->
<testsuite skipped="0" hostname="Ajays-Air.unifi.bynaric.net" name="configuration.ComponentTest" tests="1" failures="0" timestamp="2022-04-08T11:08:12 IST" time="15.004" errors="0">
  <testcase name="component" time="15.004" classname="configuration.ComponentTest"/>
  <system-out/>
</testsuite> <!-- configuration.ComponentTest -->
