<?xml version="1.0" encoding="UTF-8"?>
<!-- Generated by org.testng.reporters.JUnitReportReporter -->
<testsuite skipped="0" hostname="Ajays-Air.unifi.bynaric.net" name="Suite.Repairs_Overview" tests="1" failures="0" timestamp="2022-04-11T16:28:22 IST" time="25.162" errors="0">
  <testcase name="test_Repairs_Overview" time="25.162" classname="Suite.Repairs_Overview"/>
  <system-out/>
</testsuite> <!-- Suite.Repairs_Overview -->
