<?xml version="1.0" encoding="UTF-8"?>
<!-- Generated by org.testng.reporters.JUnitReportReporter -->
<testsuite skipped="0" hostname="Ajays-MacBook-Air.local" name="allTest.projectTest" tests="1" failures="0" timestamp="2022-04-09T01:19:41 IST" time="8.875" errors="0">
  <testcase name="ips" time="8.875" classname="allTest.projectTest"/>
  <system-out/>
</testsuite> <!-- allTest.projectTest -->
