<?xml version="1.0" encoding="UTF-8"?>
<!-- Generated by org.testng.reporters.JUnitReportReporter -->
<testsuite skipped="0" hostname="Ajays-Air.unifi.bynaric.net" name="configuration.unit_of_mesurment" tests="1" failures="0" timestamp="2022-04-08T11:08:12 IST" time="13.003" errors="0">
  <testcase name="mesurment" time="13.003" classname="configuration.unit_of_mesurment"/>
  <system-out/>
</testsuite> <!-- configuration.unit_of_mesurment -->
