<?xml version="1.0" encoding="UTF-8"?>
<!-- Generated by org.testng.reporters.JUnitReportReporter -->
<testsuite skipped="0" hostname="Ajays-Air.unifi.bynaric.net" name="Suite.AssetManagement_Validation" tests="1" failures="0" timestamp="2022-04-11T16:28:22 IST" time="17.829" errors="0">
  <testcase name="testeasy_AssetManagement_Validation" time="17.829" classname="Suite.AssetManagement_Validation"/>
  <system-out/>
</testsuite> <!-- Suite.AssetManagement_Validation -->
