<?xml version="1.0" encoding="UTF-8"?>
<!-- Generated by org.testng.reporters.JUnitReportReporter -->
<testsuite skipped="0" hostname="Ajays-Air.unifi.bynaric.net" name="configuration.Component_TypeTest" tests="1" failures="0" timestamp="2022-04-08T11:08:12 IST" time="13.420" errors="0">
  <testcase name="componentType" time="13.420" classname="configuration.Component_TypeTest"/>
  <system-out/>
</testsuite> <!-- configuration.Component_TypeTest -->
