<?xml version="1.0" encoding="UTF-8"?>
<!-- Generated by org.testng.reporters.JUnitReportReporter -->
<testsuite skipped="0" hostname="Ajays-Air.unifi.bynaric.net" name="Suite.block_Tab" tests="1" failures="0" timestamp="2022-04-11T16:28:22 IST" time="49.308" errors="0">
  <testcase name="testeasy_block_tab" time="49.308" classname="Suite.block_Tab"/>
  <system-out/>
</testsuite> <!-- Suite.block_Tab -->
