<?xml version="1.0" encoding="UTF-8"?>
<!-- Generated by org.testng.reporters.JUnitReportReporter -->
<testsuite skipped="0" hostname="Ajays-Air.unifi.bynaric.net" name="Suite.ResourceManagement_Overview" tests="1" failures="0" timestamp="2022-04-11T16:28:22 IST" time="35.709" errors="0">
  <testcase name="test_ResourceManagement_Overview" time="35.709" classname="Suite.ResourceManagement_Overview"/>
  <system-out/>
</testsuite> <!-- Suite.ResourceManagement_Overview -->
